Assembler report for ULA
<<<<<<< HEAD
Thu Jul 22 11:39:07 2021
=======
Wed Jul 21 20:38:39 2021
>>>>>>> 61c76b4bc868c347221f6b15a9d30183ae1b7918
Quartus Prime Version 20.1.1 Build 720 11/11/2020 SJ Lite Edition


---------------------
; Table of Contents ;
---------------------
  1. Legal Notice
  2. Assembler Summary
  3. Assembler Settings
  4. Assembler Generated Files
<<<<<<< HEAD
  5. Assembler Device Options: E:/Documents/Estudo/SD/ULA/ULA-SD/output_files/ULA.sof
=======
  5. Assembler Device Options: C:/Users/55819/Documents/ULA-SD/output_files/ULA.sof
>>>>>>> 61c76b4bc868c347221f6b15a9d30183ae1b7918
  6. Assembler Messages



----------------
; Legal Notice ;
----------------
Copyright (C) 2020  Intel Corporation. All rights reserved.
Your use of Intel Corporation's design tools, logic functions 
and other software and tools, and any partner logic 
functions, and any output files from any of the foregoing 
(including device programming or simulation files), and any 
associated documentation or information are expressly subject 
to the terms and conditions of the Intel Program License 
Subscription Agreement, the Intel Quartus Prime License Agreement,
the Intel FPGA IP License Agreement, or other applicable license
agreement, including, without limitation, that your use is for
the sole purpose of programming logic devices manufactured by
Intel and sold by Intel or its authorized distributors.  Please
refer to the applicable agreement for further details, at
https://fpgasoftware.intel.com/eula.



+---------------------------------------------------------------+
; Assembler Summary                                             ;
+-----------------------+---------------------------------------+
<<<<<<< HEAD
; Assembler Status      ; Successful - Thu Jul 22 11:39:07 2021 ;
; Revision Name         ; ULA                                   ;
; Top-level Entity Name ; somador_completo                      ;
=======
; Assembler Status      ; Successful - Wed Jul 21 20:38:39 2021 ;
; Revision Name         ; ULA                                   ;
; Top-level Entity Name ; MaiorQue_completo                     ;
>>>>>>> 61c76b4bc868c347221f6b15a9d30183ae1b7918
; Family                ; Cyclone IV E                          ;
; Device                ; EP4CE6E22C6                           ;
+-----------------------+---------------------------------------+


+----------------------------------+
; Assembler Settings               ;
+--------+---------+---------------+
; Option ; Setting ; Default Value ;
+--------+---------+---------------+


<<<<<<< HEAD
+--------------------------------------------------------+
; Assembler Generated Files                              ;
+--------------------------------------------------------+
; File Name                                              ;
+--------------------------------------------------------+
; E:/Documents/Estudo/SD/ULA/ULA-SD/output_files/ULA.sof ;
+--------------------------------------------------------+


+----------------------------------------------------------------------------------+
; Assembler Device Options: E:/Documents/Estudo/SD/ULA/ULA-SD/output_files/ULA.sof ;
+----------------+-----------------------------------------------------------------+
; Option         ; Setting                                                         ;
+----------------+-----------------------------------------------------------------+
; JTAG usercode  ; 0x000978D5                                                      ;
; Checksum       ; 0x000978D5                                                      ;
+----------------+-----------------------------------------------------------------+
=======
+------------------------------------------------------+
; Assembler Generated Files                            ;
+------------------------------------------------------+
; File Name                                            ;
+------------------------------------------------------+
; C:/Users/55819/Documents/ULA-SD/output_files/ULA.sof ;
+------------------------------------------------------+


+--------------------------------------------------------------------------------+
; Assembler Device Options: C:/Users/55819/Documents/ULA-SD/output_files/ULA.sof ;
+----------------+---------------------------------------------------------------+
; Option         ; Setting                                                       ;
+----------------+---------------------------------------------------------------+
; JTAG usercode  ; 0x00093BE8                                                    ;
; Checksum       ; 0x00093BE8                                                    ;
+----------------+---------------------------------------------------------------+
>>>>>>> 61c76b4bc868c347221f6b15a9d30183ae1b7918


+--------------------+
; Assembler Messages ;
+--------------------+
Info: *******************************************************************
Info: Running Quartus Prime Assembler
    Info: Version 20.1.1 Build 720 11/11/2020 SJ Lite Edition
<<<<<<< HEAD
    Info: Processing started: Thu Jul 22 11:39:07 2021
=======
    Info: Processing started: Wed Jul 21 20:38:39 2021
>>>>>>> 61c76b4bc868c347221f6b15a9d30183ae1b7918
Info: Command: quartus_asm --read_settings_files=off --write_settings_files=off ULA -c ULA
Warning (18236): Number of processors has not been specified which may cause overloading on shared machines.  Set the global assignment NUM_PARALLEL_PROCESSORS in your QSF to an appropriate value for best performance.
Info (115031): Writing out detailed assembly data for power analysis
Info (115030): Assembler is generating device programming files
Info: Quartus Prime Assembler was successful. 0 errors, 1 warning
<<<<<<< HEAD
    Info: Peak virtual memory: 4677 megabytes
    Info: Processing ended: Thu Jul 22 11:39:07 2021
=======
    Info: Peak virtual memory: 4678 megabytes
    Info: Processing ended: Wed Jul 21 20:38:39 2021
>>>>>>> 61c76b4bc868c347221f6b15a9d30183ae1b7918
    Info: Elapsed time: 00:00:00
    Info: Total CPU time (on all processors): 00:00:01


